<?xml version="1.0" encoding="UTF-8"?>
<testng-results skipped="0" failed="0" ignored="0" total="1" passed="1">
  <reporter-output>
  </reporter-output>
  <suite name="Command line suite" duration-ms="21352" started-at="2022-10-23T17:25:27 EEST" finished-at="2022-10-23T17:25:48 EEST">
    <groups>
    </groups>
    <test name="Command line test" duration-ms="21352" started-at="2022-10-23T17:25:27 EEST" finished-at="2022-10-23T17:25:48 EEST">
      <class name="RozetkaTest">
        <test-method status="PASS" signature="SetUp()[pri:0, instance:RozetkaTest@6c64cb25]" name="SetUp" is-config="true" duration-ms="7452" started-at="2022-10-23T17:25:27 EEST" finished-at="2022-10-23T17:25:34 EEST">
          <reporter-output>
          </reporter-output>
        </test-method> <!-- SetUp -->
        <test-method status="PASS" signature="firstTest()[pri:0, instance:RozetkaTest@6c64cb25]" name="firstTest" duration-ms="13523" started-at="2022-10-23T17:25:34 EEST" finished-at="2022-10-23T17:25:48 EEST">
          <reporter-output>
          </reporter-output>
        </test-method> <!-- firstTest -->
        <test-method status="PASS" signature="TearDown()[pri:0, instance:RozetkaTest@6c64cb25]" name="TearDown" is-config="true" duration-ms="336" started-at="2022-10-23T17:25:48 EEST" finished-at="2022-10-23T17:25:48 EEST">
          <reporter-output>
          </reporter-output>
        </test-method> <!-- TearDown -->
      </class> <!-- RozetkaTest -->
    </test> <!-- Command line test -->
  </suite> <!-- Command line suite -->
</testng-results>
